SF:lib/core/failures/exceptions.dart
DA:9,1
LF:1
LH:1
end_of_record
SF:lib/data/datasources/remote/auth_remote_ds.dart
DA:22,1
DA:25,1
DA:26,6
DA:30,4
DA:31,6
DA:32,6
DA:34,4
DA:35,1
DA:37,0
DA:40,1
DA:41,4
DA:43,1
DA:44,2
DA:45,5
DA:47,3
DA:49,4
DA:50,5
DA:52,0
DA:55,4
DA:58,1
DA:59,6
DA:64,4
DA:65,4
DA:67,4
DA:68,1
DA:70,4
DA:71,1
LF:27
LH:25
end_of_record
SF:lib/domain/entities/user_entity.dart
DA:8,8
DA:10,3
DA:11,12
LF:3
LH:3
end_of_record
SF:lib/data/mappers/user_mapper.dart
DA:6,5
DA:7,10
LF:2
LH:2
end_of_record
SF:lib/data/models/user_model.g.dart
DA:9,4
DA:10,2
DA:11,2
DA:12,2
DA:15,2
DA:16,1
DA:17,1
DA:18,1
LF:8
LH:8
end_of_record
SF:lib/data/models/user_model.dart
DA:8,5
DA:12,3
DA:18,4
DA:19,2
LF:4
LH:4
end_of_record
SF:lib/core/failures/failures.dart
DA:4,3
DA:5,3
DA:16,0
LF:3
LH:2
end_of_record
SF:lib/data/repositories/auth_repository_impl.dart
DA:11,1
DA:14,1
DA:16,3
DA:17,1
DA:18,1
DA:19,2
DA:21,2
DA:26,1
DA:28,3
DA:30,1
DA:31,0
DA:32,1
DA:33,2
DA:34,1
DA:35,2
DA:37,2
LF:16
LH:15
end_of_record
SF:lib/domain/usecases/auth/sign_in.dart
DA:12,1
DA:15,1
DA:16,5
DA:24,2
DA:26,0
DA:27,0
LF:6
LH:4
end_of_record
SF:lib/domain/usecases/auth/sign_up.dart
DA:10,1
DA:13,1
DA:14,6
DA:24,1
DA:26,0
DA:27,0
LF:6
LH:4
end_of_record
