SF:lib/core/failures/failures.dart
DA:4,2
DA:5,2
LF:2
LH:2
end_of_record
SF:lib/data/repositories/auth_repository_impl.dart
DA:10,1
DA:12,0
DA:15,0
DA:19,1
DA:21,3
DA:24,2
LF:6
LH:4
end_of_record
SF:lib/domain/entities/user_entity.dart
DA:8,5
DA:10,3
DA:11,12
LF:3
LH:3
end_of_record
SF:lib/domain/usecases/auth/sign_up.dart
DA:10,1
DA:13,1
DA:14,6
DA:26,1
DA:28,0
DA:29,0
LF:6
LH:4
end_of_record
SF:lib/data/models/user_model.g.dart
DA:9,2
DA:10,1
DA:11,1
DA:12,1
DA:15,2
DA:16,1
DA:17,1
DA:18,1
LF:8
LH:8
end_of_record
SF:lib/data/models/user_model.dart
DA:8,4
DA:12,2
DA:18,2
DA:19,2
LF:4
LH:4
end_of_record
SF:lib/data/mappers/user_mapper.dart
DA:6,5
DA:7,5
LF:2
LH:2
end_of_record
